Searching for org_id for Primary
org_id 0 found
Requesting object listing
10 objects retrieved
[
  {
    "edoc": "obj_id: VisualTest1-27b08877\nanswer:\n  name: Visual Test 1\n  tables:\n  - id: (Sample) Retail - Apparel\n    name: (Sample) Retail - Apparel\n    obj_id: SampleRetail-Apparel-cd252e5c\n  search_query: \"[region] [product] [sales] [quantity purchased]\"\n  answer_columns:\n  - name: Total quantity purchased\n  - name: Total sales\n  - name: product\n  - name: region\n  table:\n    table_columns:\n    - column_id: Total quantity purchased\n      show_headline: false\n    - column_id: Total sales\n      show_headline: false\n    - column_id: product\n      show_headline: false\n    - column_id: region\n      show_headline: false\n    ordered_column_ids:\n    - region\n    - product\n    - Total sales\n    - Total quantity purchased\n    client_state: \"\"\n    client_state_v2: \"{\\\"tableVizPropVersion\\\": \\\"V1\\\"}\"\n  chart:\n    type: LINE\n    chart_columns:\n    - column_id: Total quantity purchased\n    - column_id: Total sales\n    - column_id: product\n    - column_id: region\n    axis_configs:\n    - x:\n      - product\n      \"y\":\n      - Total sales\n      - Total quantity purchased\n    client_state: \"\"\n    client_state_v2: \"{\\\"version\\\": \\\"V4DOT2\\\",\\\"chartProperties\\\": {\\\"responsiveLayoutPreference\\\": \\\"AUTO_OFF\\\",\\\"chartSpecific\\\": {\\\"customProps\\\": \\\"{\\\\\\\"advancedProperties\\\\\\\":[]}\\\",\\\"pivotSummariesState\\\": {}},\\\"legendPosition\\\": \\\"TOP_LEGEND\\\"},\\\"columnProperties\\\": [{\\\"columnId\\\": \\\"region\\\",\\\"columnProperty\\\": {}},{\\\"columnId\\\": \\\"product\\\",\\\"columnProperty\\\": {}},{\\\"columnId\\\": \\\"Total sales\\\",\\\"columnProperty\\\": {}},{\\\"columnId\\\": \\\"Total quantity purchased\\\",\\\"columnProperty\\\": {}},{\\\"columnId\\\": \\\"Measure names\\\",\\\"columnProperty\\\": {}},{\\\"columnId\\\": \\\"Measure values\\\",\\\"columnProperty\\\": {}}],\\\"axisProperties\\\": [{\\\"id\\\": \\\"050530ce-419e-4bc4-9856-6776afbf14eb\\\",\\\"properties\\\": {\\\"axisType\\\": \\\"Y\\\",\\\"linkedColumns\\\": [\\\"Total sales\\\"],\\\"isOpposite\\\": false}},{\\\"id\\\": \\\"0e21e467-6a3d-4046-b9b5-04f9a26f6314\\\",\\\"properties\\\": {\\\"axisType\\\": \\\"Y\\\",\\\"linkedColumns\\\": [\\\"Total quantity purchased\\\"],\\\"isOpposite\\\": true}},{\\\"id\\\": \\\"65af1f0e-16d5-40ba-8d5e-e1b4bc516c27\\\",\\\"properties\\\": {\\\"axisType\\\": \\\"X\\\",\\\"linkedColumns\\\": [\\\"product\\\"]}}],\\\"seriesColors\\\": [{\\\"serieName\\\": \\\"Total sales\\\",\\\"color\\\": \\\"#9be5ed\\\"},{\\\"serieName\\\": \\\"Total quantity purchased\\\",\\\"color\\\": \\\"#F47E89\\\"}],\\\"systemSeriesColors\\\": [{\\\"serieName\\\": \\\"Total sales\\\",\\\"color\\\": \\\"#B6313E\\\"},{\\\"serieName\\\": \\\"Total quantity purchased\\\",\\\"color\\\": \\\"#785F1A\\\"}]}\"\n  display_mode: CHART_MODE\n  dynamic_name: Visual Test 1\n",
    "info": {
      "filename": "Visual Test 1.answer.tml",
      "name": "Visual Test 1",
      "id": "27b08877-51bc-4715-a233-6718508252b6",
      "type": "answer",
      "status": {
        "status_code": "OK"
      }
    }
  }
]
obj_id: VisualTest1-27b08877
answer:
  name: Visual Test 1
  tables:
  - id: (Sample) Retail - Apparel
    name: (Sample) Retail - Apparel
    obj_id: SampleRetail-Apparel-cd252e5c
  search_query: "[region] [product] [sales] [quantity purchased]"
  answer_columns:
  - name: Total quantity purchased
  - name: Total sales
  - name: product
  - name: region
  table:
    table_columns:
    - column_id: Total quantity purchased
      show_headline: false
    - column_id: Total sales
      show_headline: false
    - column_id: product
      show_headline: false
    - column_id: region
      show_headline: false
    ordered_column_ids:
    - region
    - product
    - Total sales
    - Total quantity purchased
    client_state: ""
    client_state_v2: "{\"tableVizPropVersion\": \"V1\"}"
  chart:
    type: LINE
    chart_columns:
    - column_id: Total quantity purchased
    - column_id: Total sales
    - column_id: product
    - column_id: region
    axis_configs:
    - x:
      - product
      "y":
      - Total sales
      - Total quantity purchased
    client_state: ""
    client_state_v2: "{\"version\": \"V4DOT2\",\"chartProperties\": {\"responsiveLayoutPreference\": \"AUTO_OFF\",\"chartSpecific\": {\"customProps\": \"{\\\"advancedProperties\\\":[]}\",\"pivotSummariesState\": {}},\"legendPosition\": \"TOP_LEGEND\"},\"columnProperties\": [{\"columnId\": \"region\",\"columnProperty\": {}},{\"columnId\": \"product\",\"columnProperty\": {}},{\"columnId\": \"Total sales\",\"columnProperty\": {}},{\"columnId\": \"Total quantity purchased\",\"columnProperty\": {}},{\"columnId\": \"Measure names\",\"columnProperty\": {}},{\"columnId\": \"Measure values\",\"columnProperty\": {}}],\"axisProperties\": [{\"id\": \"050530ce-419e-4bc4-9856-6776afbf14eb\",\"properties\": {\"axisType\": \"Y\",\"linkedColumns\": [\"Total sales\"],\"isOpposite\": false}},{\"id\": \"0e21e467-6a3d-4046-b9b5-04f9a26f6314\",\"properties\": {\"axisType\": \"Y\",\"linkedColumns\": [\"Total quantity purchased\"],\"isOpposite\": true}},{\"id\": \"65af1f0e-16d5-40ba-8d5e-e1b4bc516c27\",\"properties\": {\"axisType\": \"X\",\"linkedColumns\": [\"product\"]}}],\"seriesColors\": [{\"serieName\": \"Total sales\",\"color\": \"#9be5ed\"},{\"serieName\": \"Total quantity purchased\",\"color\": \"#F47E89\"}],\"systemSeriesColors\": [{\"serieName\": \"Total sales\",\"color\": \"#B6313E\"},{\"serieName\": \"Total quantity purchased\",\"color\": \"#785F1A\"}]}"
  display_mode: CHART_MODE
  dynamic_name: Visual Test 1

-------
[
  {
    "edoc": "obj_id: Totaltest-01a37cf2\nanswer:\n  name: Total test\n  tables:\n  - id: (Sample) Retail - Apparel\n    name: (Sample) Retail - Apparel\n    obj_id: SampleRetail-Apparel-cd252e5c\n  formulas:\n  - id: formula_test\n    name: test\n    expr: \"[sales] * 5\"\n    was_auto_generated: false\n  search_query: \"[formula_test]\"\n  answer_columns:\n  - name: Total test\n  table:\n    table_columns:\n    - column_id: Total test\n      show_headline: false\n    ordered_column_ids:\n    - Total test\n    client_state: \"\"\n    client_state_v2: \"{\\\"tableVizPropVersion\\\": \\\"V1\\\",\\\"columnProperties\\\": [{\\\"columnId\\\": \\\"Total test\\\",\\\"columnProperty\\\": {}}]}\"\n  chart:\n    type: KPI\n    chart_columns:\n    - column_id: Total test\n    axis_configs:\n    - \"y\":\n      - Total test\n    client_state: \"\"\n    client_state_v2: \"{\\\"version\\\": \\\"V4DOT2\\\",\\\"chartProperties\\\": {\\\"gridLines\\\": {},\\\"responsiveLayoutPreference\\\": \\\"USER_PREFERRED_ON\\\",\\\"chartSpecific\\\": {\\\"dataFieldArea\\\": \\\"column\\\"}},\\\"columnProperties\\\": [{\\\"columnId\\\": \\\"Total test\\\",\\\"columnProperty\\\": {}},{\\\"columnId\\\": \\\"Measure names\\\",\\\"columnProperty\\\": {}},{\\\"columnId\\\": \\\"Measure values\\\",\\\"columnProperty\\\": {}}],\\\"axisProperties\\\": [{\\\"id\\\": \\\"837ba24e-b38f-4dd2-bd14-793988ee9b09\\\",\\\"properties\\\": {\\\"axisType\\\": \\\"Y\\\",\\\"linkedColumns\\\": [\\\"Total test\\\"],\\\"isOpposite\\\": false}},{\\\"id\\\": \\\"434cca33-0115-4daf-a9e0-0c1b7cf0b73a\\\",\\\"properties\\\": {\\\"axisType\\\": \\\"X\\\"}}]}\"\n  display_mode: CHART_MODE\n  dynamic_name: Total test\n",
    "info": {
      "filename": "Total test.answer.tml",
      "name": "Total test",
      "id": "01a37cf2-e1fb-4cd8-8f49-bf88375a803b",
      "type": "answer",
      "status": {
        "status_code": "OK"
      }
    }
  }
]
obj_id: Totaltest-01a37cf2
answer:
  name: Total test
  tables:
  - id: (Sample) Retail - Apparel
    name: (Sample) Retail - Apparel
    obj_id: SampleRetail-Apparel-cd252e5c
  formulas:
  - id: formula_test
    name: test
    expr: "[sales] * 5"
    was_auto_generated: false
  search_query: "[formula_test]"
  answer_columns:
  - name: Total test
  table:
    table_columns:
    - column_id: Total test
      show_headline: false
    ordered_column_ids:
    - Total test
    client_state: ""
    client_state_v2: "{\"tableVizPropVersion\": \"V1\",\"columnProperties\": [{\"columnId\": \"Total test\",\"columnProperty\": {}}]}"
  chart:
    type: KPI
    chart_columns:
    - column_id: Total test
    axis_configs:
    - "y":
      - Total test
    client_state: ""
    client_state_v2: "{\"version\": \"V4DOT2\",\"chartProperties\": {\"gridLines\": {},\"responsiveLayoutPreference\": \"USER_PREFERRED_ON\",\"chartSpecific\": {\"dataFieldArea\": \"column\"}},\"columnProperties\": [{\"columnId\": \"Total test\",\"columnProperty\": {}},{\"columnId\": \"Measure names\",\"columnProperty\": {}},{\"columnId\": \"Measure values\",\"columnProperty\": {}}],\"axisProperties\": [{\"id\": \"837ba24e-b38f-4dd2-bd14-793988ee9b09\",\"properties\": {\"axisType\": \"Y\",\"linkedColumns\": [\"Total test\"],\"isOpposite\": false}},{\"id\": \"434cca33-0115-4daf-a9e0-0c1b7cf0b73a\",\"properties\": {\"axisType\": \"X\"}}]}"
  display_mode: CHART_MODE
  dynamic_name: Total test

-------
[
  {
    "edoc": "obj_id: PubSalesbyProduct-d013e592\nanswer:\n  name: Pub Quantity by Product\n  tables:\n  - id: pub-retail-east\n    name: pub-retail-east\n    obj_id: pub-retail-east-63528f05\n  search_query: \"[Product] [Total Quantity Purchased]\"\n  answer_columns:\n  - name: Product\n  - name: Total Total Quantity Purchased\n  table:\n    table_columns:\n    - column_id: Product\n      show_headline: false\n    - column_id: Total Total Quantity Purchased\n      show_headline: false\n    ordered_column_ids:\n    - Product\n    - Total Total Quantity Purchased\n    client_state: \"\"\n    client_state_v2: \"{\\\"tableVizPropVersion\\\": \\\"V1\\\"}\"\n  chart:\n    type: COLUMN\n    chart_columns:\n    - column_id: Product\n    - column_id: Total Total Quantity Purchased\n    axis_configs:\n    - x:\n      - Product\n      \"y\":\n      - Total Total Quantity Purchased\n    client_state: \"\"\n    client_state_v2: \"{\\\"version\\\": \\\"V4DOT2\\\",\\\"chartProperties\\\": {\\\"responsiveLayoutPreference\\\": \\\"AUTO_OFF\\\",\\\"chartSpecific\\\": {\\\"pivotSummariesState\\\": {}}},\\\"columnProperties\\\": [{\\\"columnId\\\": \\\"Product\\\",\\\"columnProperty\\\": {}},{\\\"columnId\\\": \\\"Measure names\\\",\\\"columnProperty\\\": {}},{\\\"columnId\\\": \\\"Measure values\\\",\\\"columnProperty\\\": {}},{\\\"columnId\\\": \\\"Total Total Quantity Purchased\\\",\\\"columnProperty\\\": {}}],\\\"axisProperties\\\": [{\\\"id\\\": \\\"2fa5e9f5-3b07-4d75-a054-8a13c142f1ac\\\",\\\"properties\\\": {\\\"axisType\\\": \\\"Y\\\",\\\"linkedColumns\\\": [\\\"Total Total Quantity Purchased\\\"],\\\"isOpposite\\\": false}},{\\\"id\\\": \\\"d4fa1ae4-67fd-4945-a4ea-82fb4e5a6bf1\\\",\\\"properties\\\": {\\\"axisType\\\": \\\"X\\\",\\\"linkedColumns\\\": [\\\"Product\\\"]}}],\\\"systemSeriesColors\\\": [{\\\"serieName\\\": \\\"a4f535c7-4025-4962-8e78-a4d3f8039716\\\",\\\"color\\\": \\\"#B6313E\\\"},{\\\"serieName\\\": \\\"520140cb-c23d-4dbb-be13-bd01bfbbb27d\\\",\\\"color\\\": \\\"#B6313E\\\"},{\\\"serieName\\\": \\\"7393093e-61dd-498a-bd14-350efe9de401\\\",\\\"color\\\": \\\"#B6313E\\\"},{\\\"serieName\\\": \\\"Total Total Quantity Purchased\\\",\\\"color\\\": \\\"#B6313E\\\"}]}\"\n  display_mode: CHART_MODE\n  dynamic_name: Pub Quantity by Product\n",
    "info": {
      "filename": "Pub Quantity by Product.answer.tml",
      "name": "Pub Quantity by Product",
      "id": "d013e592-fadc-4907-b939-bd71f638a164",
      "type": "answer",
      "status": {
        "status_code": "OK"
      }
    }
  }
]
obj_id: PubSalesbyProduct-d013e592
answer:
  name: Pub Quantity by Product
  tables:
  - id: pub-retail-east
    name: pub-retail-east
    obj_id: pub-retail-east-63528f05
  search_query: "[Product] [Total Quantity Purchased]"
  answer_columns:
  - name: Product
  - name: Total Total Quantity Purchased
  table:
    table_columns:
    - column_id: Product
      show_headline: false
    - column_id: Total Total Quantity Purchased
      show_headline: false
    ordered_column_ids:
    - Product
    - Total Total Quantity Purchased
    client_state: ""
    client_state_v2: "{\"tableVizPropVersion\": \"V1\"}"
  chart:
    type: COLUMN
    chart_columns:
    - column_id: Product
    - column_id: Total Total Quantity Purchased
    axis_configs:
    - x:
      - Product
      "y":
      - Total Total Quantity Purchased
    client_state: ""
    client_state_v2: "{\"version\": \"V4DOT2\",\"chartProperties\": {\"responsiveLayoutPreference\": \"AUTO_OFF\",\"chartSpecific\": {\"pivotSummariesState\": {}}},\"columnProperties\": [{\"columnId\": \"Product\",\"columnProperty\": {}},{\"columnId\": \"Measure names\",\"columnProperty\": {}},{\"columnId\": \"Measure values\",\"columnProperty\": {}},{\"columnId\": \"Total Total Quantity Purchased\",\"columnProperty\": {}}],\"axisProperties\": [{\"id\": \"2fa5e9f5-3b07-4d75-a054-8a13c142f1ac\",\"properties\": {\"axisType\": \"Y\",\"linkedColumns\": [\"Total Total Quantity Purchased\"],\"isOpposite\": false}},{\"id\": \"d4fa1ae4-67fd-4945-a4ea-82fb4e5a6bf1\",\"properties\": {\"axisType\": \"X\",\"linkedColumns\": [\"Product\"]}}],\"systemSeriesColors\": [{\"serieName\": \"a4f535c7-4025-4962-8e78-a4d3f8039716\",\"color\": \"#B6313E\"},{\"serieName\": \"520140cb-c23d-4dbb-be13-bd01bfbbb27d\",\"color\": \"#B6313E\"},{\"serieName\": \"7393093e-61dd-498a-bd14-350efe9de401\",\"color\": \"#B6313E\"},{\"serieName\": \"Total Total Quantity Purchased\",\"color\": \"#B6313E\"}]}"
  display_mode: CHART_MODE
  dynamic_name: Pub Quantity by Product

-------
[
  {
    "edoc": "obj_id: PubSalesbyProduct-3a659563\nanswer:\n  name: Pub Sales by Product\n  tables:\n  - id: pub-retail-east\n    name: pub-retail-east\n    obj_id: pub-retail-east-63528f05\n  search_query: \"[Product] [Total Sales]\"\n  answer_columns:\n  - name: Product\n  - name: Total Total Sales\n  table:\n    table_columns:\n    - column_id: Product\n      show_headline: false\n    - column_id: Total Total Sales\n      show_headline: false\n    ordered_column_ids:\n    - Product\n    - Total Total Sales\n    client_state: \"\"\n    client_state_v2: \"{\\\"tableVizPropVersion\\\": \\\"V1\\\"}\"\n  chart:\n    type: COLUMN\n    chart_columns:\n    - column_id: Product\n    - column_id: Total Total Sales\n    axis_configs:\n    - x:\n      - Product\n      \"y\":\n      - Total Total Sales\n    client_state: \"\"\n    client_state_v2: \"{\\\"version\\\": \\\"V4DOT2\\\",\\\"chartProperties\\\": {\\\"responsiveLayoutPreference\\\": \\\"AUTO_OFF\\\",\\\"chartSpecific\\\": {\\\"pivotSummariesState\\\": {}}},\\\"columnProperties\\\": [{\\\"columnId\\\": \\\"Product\\\",\\\"columnProperty\\\": {}},{\\\"columnId\\\": \\\"Measure names\\\",\\\"columnProperty\\\": {}},{\\\"columnId\\\": \\\"Measure values\\\",\\\"columnProperty\\\": {}},{\\\"columnId\\\": \\\"Total Total Sales\\\",\\\"columnProperty\\\": {}}],\\\"axisProperties\\\": [{\\\"id\\\": \\\"87cb483e-144f-45b7-98f0-9e1bef8bb679\\\",\\\"properties\\\": {\\\"axisType\\\": \\\"Y\\\",\\\"linkedColumns\\\": [\\\"Total Total Sales\\\"],\\\"isOpposite\\\": false}},{\\\"id\\\": \\\"bdc7409f-42c3-4edf-b32f-4e936f9cd91e\\\",\\\"properties\\\": {\\\"axisType\\\": \\\"X\\\",\\\"linkedColumns\\\": [\\\"Product\\\"]}}],\\\"systemSeriesColors\\\": [{\\\"serieName\\\": \\\"a4f535c7-4025-4962-8e78-a4d3f8039716\\\",\\\"color\\\": \\\"#B6313E\\\"},{\\\"serieName\\\": \\\"520140cb-c23d-4dbb-be13-bd01bfbbb27d\\\",\\\"color\\\": \\\"#B6313E\\\"},{\\\"serieName\\\": \\\"Total Total Sales\\\",\\\"color\\\": \\\"#B6313E\\\"}]}\"\n  display_mode: CHART_MODE\n  dynamic_name: Pub Sales by Product\n",
    "info": {
      "filename": "Pub Sales by Product.answer.tml",
      "name": "Pub Sales by Product",
      "id": "3a659563-bad4-4670-aba5-7d66a097e0c3",
      "type": "answer",
      "status": {
        "status_code": "OK"
      }
    }
  }
]
obj_id: PubSalesbyProduct-3a659563
answer:
  name: Pub Sales by Product
  tables:
  - id: pub-retail-east
    name: pub-retail-east
    obj_id: pub-retail-east-63528f05
  search_query: "[Product] [Total Sales]"
  answer_columns:
  - name: Product
  - name: Total Total Sales
  table:
    table_columns:
    - column_id: Product
      show_headline: false
    - column_id: Total Total Sales
      show_headline: false
    ordered_column_ids:
    - Product
    - Total Total Sales
    client_state: ""
    client_state_v2: "{\"tableVizPropVersion\": \"V1\"}"
  chart:
    type: COLUMN
    chart_columns:
    - column_id: Product
    - column_id: Total Total Sales
    axis_configs:
    - x:
      - Product
      "y":
      - Total Total Sales
    client_state: ""
    client_state_v2: "{\"version\": \"V4DOT2\",\"chartProperties\": {\"responsiveLayoutPreference\": \"AUTO_OFF\",\"chartSpecific\": {\"pivotSummariesState\": {}}},\"columnProperties\": [{\"columnId\": \"Product\",\"columnProperty\": {}},{\"columnId\": \"Measure names\",\"columnProperty\": {}},{\"columnId\": \"Measure values\",\"columnProperty\": {}},{\"columnId\": \"Total Total Sales\",\"columnProperty\": {}}],\"axisProperties\": [{\"id\": \"87cb483e-144f-45b7-98f0-9e1bef8bb679\",\"properties\": {\"axisType\": \"Y\",\"linkedColumns\": [\"Total Total Sales\"],\"isOpposite\": false}},{\"id\": \"bdc7409f-42c3-4edf-b32f-4e936f9cd91e\",\"properties\": {\"axisType\": \"X\",\"linkedColumns\": [\"Product\"]}}],\"systemSeriesColors\": [{\"serieName\": \"a4f535c7-4025-4962-8e78-a4d3f8039716\",\"color\": \"#B6313E\"},{\"serieName\": \"520140cb-c23d-4dbb-be13-bd01bfbbb27d\",\"color\": \"#B6313E\"},{\"serieName\": \"Total Total Sales\",\"color\": \"#B6313E\"}]}"
  display_mode: CHART_MODE
  dynamic_name: Pub Sales by Product

-------
[
  {
    "edoc": "obj_id: Totalquantitypurchased-be25c3a7\nanswer:\n  name: Total quantity purchased\n  tables:\n  - id: (Sample) Retail - Apparel\n    name: (Sample) Retail - Apparel\n    obj_id: SampleRetail-Apparel-cd252e5c\n  search_query: \"[quantity purchased] [sales]\"\n  answer_columns:\n  - name: Total quantity purchased\n  - name: Total sales\n  table:\n    table_columns:\n    - column_id: Total quantity purchased\n      show_headline: false\n    - column_id: Total sales\n      show_headline: false\n    ordered_column_ids:\n    - Total quantity purchased\n    - Total sales\n    client_state: \"\"\n    client_state_v2: \"{\\\"tableVizPropVersion\\\": \\\"V1\\\"}\"\n  chart:\n    type: KPI\n    chart_columns:\n    - column_id: Total quantity purchased\n    - column_id: Total sales\n    axis_configs:\n    - \"y\":\n      - Total quantity purchased\n    client_state: \"\"\n    client_state_v2: \"{\\\"version\\\": \\\"V4DOT2\\\",\\\"chartProperties\\\": {\\\"chartSpecific\\\": {\\\"pivotSummariesState\\\": {}}},\\\"columnProperties\\\": [{\\\"columnId\\\": \\\"Total quantity purchased\\\",\\\"columnProperty\\\": {}},{\\\"columnId\\\": \\\"Total sales\\\",\\\"columnProperty\\\": {}},{\\\"columnId\\\": \\\"Measure names\\\",\\\"columnProperty\\\": {}},{\\\"columnId\\\": \\\"Measure values\\\",\\\"columnProperty\\\": {}}],\\\"axisProperties\\\": [{\\\"id\\\": \\\"cebc06a9-3b36-4bc2-b6cd-ea1ffaeae521\\\",\\\"properties\\\": {\\\"axisType\\\": \\\"Y\\\",\\\"linkedColumns\\\": [\\\"Total quantity purchased\\\"],\\\"isOpposite\\\": false}},{\\\"id\\\": \\\"cf479f1a-73a7-419b-a902-c97cd422b77d\\\",\\\"properties\\\": {\\\"axisType\\\": \\\"X\\\"}}]}\"\n  display_mode: CHART_MODE\n  dynamic_name: Total quantity purchased\n",
    "info": {
      "filename": "Total quantity purchased.answer.tml",
      "name": "Total quantity purchased",
      "id": "be25c3a7-5bdd-4786-83bb-2f6c93c0b1fd",
      "type": "answer",
      "status": {
        "status_code": "OK"
      }
    }
  }
]
obj_id: Totalquantitypurchased-be25c3a7
answer:
  name: Total quantity purchased
  tables:
  - id: (Sample) Retail - Apparel
    name: (Sample) Retail - Apparel
    obj_id: SampleRetail-Apparel-cd252e5c
  search_query: "[quantity purchased] [sales]"
  answer_columns:
  - name: Total quantity purchased
  - name: Total sales
  table:
    table_columns:
    - column_id: Total quantity purchased
      show_headline: false
    - column_id: Total sales
      show_headline: false
    ordered_column_ids:
    - Total quantity purchased
    - Total sales
    client_state: ""
    client_state_v2: "{\"tableVizPropVersion\": \"V1\"}"
  chart:
    type: KPI
    chart_columns:
    - column_id: Total quantity purchased
    - column_id: Total sales
    axis_configs:
    - "y":
      - Total quantity purchased
    client_state: ""
    client_state_v2: "{\"version\": \"V4DOT2\",\"chartProperties\": {\"chartSpecific\": {\"pivotSummariesState\": {}}},\"columnProperties\": [{\"columnId\": \"Total quantity purchased\",\"columnProperty\": {}},{\"columnId\": \"Total sales\",\"columnProperty\": {}},{\"columnId\": \"Measure names\",\"columnProperty\": {}},{\"columnId\": \"Measure values\",\"columnProperty\": {}}],\"axisProperties\": [{\"id\": \"cebc06a9-3b36-4bc2-b6cd-ea1ffaeae521\",\"properties\": {\"axisType\": \"Y\",\"linkedColumns\": [\"Total quantity purchased\"],\"isOpposite\": false}},{\"id\": \"cf479f1a-73a7-419b-a902-c97cd422b77d\",\"properties\": {\"axisType\": \"X\"}}]}"
  display_mode: CHART_MODE
  dynamic_name: Total quantity purchased

-------
[
  {
    "edoc": "obj_id: Totalsalesbycity-76256926\nanswer:\n  name: Total sales by city\n  tables:\n  - id: (Sample) Retail - Apparel\n    name: (Sample) Retail - Apparel\n    obj_id: SampleRetail-Apparel-cd252e5c\n  search_query: \"[city] [sales]\"\n  answer_columns:\n  - name: Total sales\n  - name: city\n  table:\n    table_columns:\n    - column_id: Total sales\n      show_headline: false\n    - column_id: city\n      show_headline: false\n    ordered_column_ids:\n    - city\n    - Total sales\n    client_state: \"\"\n    client_state_v2: \"{\\\"tableVizPropVersion\\\": \\\"V1\\\"}\"\n  chart:\n    type: COLUMN\n    chart_columns:\n    - column_id: Total sales\n    - column_id: city\n    axis_configs:\n    - x:\n      - city\n      \"y\":\n      - Total sales\n    client_state: \"\"\n    client_state_v2: \"{\\\"version\\\": \\\"V4DOT2\\\",\\\"chartProperties\\\": {\\\"responsiveLayoutPreference\\\": \\\"AUTO_ON\\\",\\\"chartSpecific\\\": {\\\"pivotSummariesState\\\": {}}},\\\"columnProperties\\\": [{\\\"columnId\\\": \\\"city\\\",\\\"columnProperty\\\": {}},{\\\"columnId\\\": \\\"Total sales\\\",\\\"columnProperty\\\": {}},{\\\"columnId\\\": \\\"Measure names\\\",\\\"columnProperty\\\": {}},{\\\"columnId\\\": \\\"Measure values\\\",\\\"columnProperty\\\": {}}],\\\"axisProperties\\\": [{\\\"id\\\": \\\"cfa891ab-7175-417d-871c-9b040f732e2e\\\",\\\"properties\\\": {\\\"axisType\\\": \\\"Y\\\",\\\"linkedColumns\\\": [\\\"Total sales\\\"],\\\"isOpposite\\\": false}},{\\\"id\\\": \\\"547edb64-b748-497f-8578-eb590e265abc\\\",\\\"properties\\\": {\\\"axisType\\\": \\\"X\\\",\\\"linkedColumns\\\": [\\\"city\\\"]}}],\\\"systemSeriesColors\\\": [{\\\"serieName\\\": \\\"Total sales\\\",\\\"color\\\": \\\"#B6313E\\\"}]}\"\n  display_mode: CHART_MODE\n",
    "info": {
      "filename": "Total sales by city.answer.tml",
      "name": "Total sales by city",
      "id": "76256926-ca84-439d-b662-64dab5bd4657",
      "type": "answer",
      "status": {
        "status_code": "OK"
      }
    }
  }
]
obj_id: Totalsalesbycity-76256926
answer:
  name: Total sales by city
  tables:
  - id: (Sample) Retail - Apparel
    name: (Sample) Retail - Apparel
    obj_id: SampleRetail-Apparel-cd252e5c
  search_query: "[city] [sales]"
  answer_columns:
  - name: Total sales
  - name: city
  table:
    table_columns:
    - column_id: Total sales
      show_headline: false
    - column_id: city
      show_headline: false
    ordered_column_ids:
    - city
    - Total sales
    client_state: ""
    client_state_v2: "{\"tableVizPropVersion\": \"V1\"}"
  chart:
    type: COLUMN
    chart_columns:
    - column_id: Total sales
    - column_id: city
    axis_configs:
    - x:
      - city
      "y":
      - Total sales
    client_state: ""
    client_state_v2: "{\"version\": \"V4DOT2\",\"chartProperties\": {\"responsiveLayoutPreference\": \"AUTO_ON\",\"chartSpecific\": {\"pivotSummariesState\": {}}},\"columnProperties\": [{\"columnId\": \"city\",\"columnProperty\": {}},{\"columnId\": \"Total sales\",\"columnProperty\": {}},{\"columnId\": \"Measure names\",\"columnProperty\": {}},{\"columnId\": \"Measure values\",\"columnProperty\": {}}],\"axisProperties\": [{\"id\": \"cfa891ab-7175-417d-871c-9b040f732e2e\",\"properties\": {\"axisType\": \"Y\",\"linkedColumns\": [\"Total sales\"],\"isOpposite\": false}},{\"id\": \"547edb64-b748-497f-8578-eb590e265abc\",\"properties\": {\"axisType\": \"X\",\"linkedColumns\": [\"city\"]}}],\"systemSeriesColors\": [{\"serieName\": \"Total sales\",\"color\": \"#B6313E\"}]}"
  display_mode: CHART_MODE

-------
[
  {
    "edoc": "obj_id: city-75cf5efd\nanswer:\n  name: city\n  tables:\n  - id: (Sample) Retail - Apparel\n    name: (Sample) Retail - Apparel\n    obj_id: SampleRetail-Apparel-cd252e5c\n  search_query: \"[city]\"\n  answer_columns:\n  - name: city\n  table:\n    table_columns:\n    - column_id: city\n      show_headline: false\n    ordered_column_ids:\n    - city\n    client_state: \"\"\n    client_state_v2: \"{\\\"tableVizPropVersion\\\": \\\"V1\\\"}\"\n  chart:\n    type: KPI\n    chart_columns:\n    - column_id: city\n    axis_configs:\n    - \"y\":\n      - city\n    client_state: \"\"\n    client_state_v2: \"{\\\"version\\\": \\\"V4DOT2\\\",\\\"chartProperties\\\": {\\\"chartSpecific\\\": {\\\"pivotSummariesState\\\": {}}},\\\"columnProperties\\\": [{\\\"columnId\\\": \\\"city\\\",\\\"columnProperty\\\": {}},{\\\"columnId\\\": \\\"Measure names\\\",\\\"columnProperty\\\": {}},{\\\"columnId\\\": \\\"Measure values\\\",\\\"columnProperty\\\": {}}],\\\"axisProperties\\\": [{\\\"id\\\": \\\"44ea43fa-7399-479a-8cba-8e214d99a613\\\",\\\"properties\\\": {\\\"axisType\\\": \\\"Y\\\",\\\"linkedColumns\\\": [\\\"city\\\"],\\\"isOpposite\\\": false}},{\\\"id\\\": \\\"68f1a390-df4e-4db0-b1e7-4382acffcbf3\\\",\\\"properties\\\": {\\\"axisType\\\": \\\"X\\\"}}]}\"\n  display_mode: TABLE_MODE\n",
    "info": {
      "filename": "city.answer.tml",
      "name": "city",
      "id": "75cf5efd-358e-43ae-b9de-347ea6d76e5f",
      "type": "answer",
      "status": {
        "status_code": "OK"
      }
    }
  }
]
obj_id: city-75cf5efd
answer:
  name: city
  tables:
  - id: (Sample) Retail - Apparel
    name: (Sample) Retail - Apparel
    obj_id: SampleRetail-Apparel-cd252e5c
  search_query: "[city]"
  answer_columns:
  - name: city
  table:
    table_columns:
    - column_id: city
      show_headline: false
    ordered_column_ids:
    - city
    client_state: ""
    client_state_v2: "{\"tableVizPropVersion\": \"V1\"}"
  chart:
    type: KPI
    chart_columns:
    - column_id: city
    axis_configs:
    - "y":
      - city
    client_state: ""
    client_state_v2: "{\"version\": \"V4DOT2\",\"chartProperties\": {\"chartSpecific\": {\"pivotSummariesState\": {}}},\"columnProperties\": [{\"columnId\": \"city\",\"columnProperty\": {}},{\"columnId\": \"Measure names\",\"columnProperty\": {}},{\"columnId\": \"Measure values\",\"columnProperty\": {}}],\"axisProperties\": [{\"id\": \"44ea43fa-7399-479a-8cba-8e214d99a613\",\"properties\": {\"axisType\": \"Y\",\"linkedColumns\": [\"city\"],\"isOpposite\": false}},{\"id\": \"68f1a390-df4e-4db0-b1e7-4382acffcbf3\",\"properties\": {\"axisType\": \"X\"}}]}"
  display_mode: TABLE_MODE

-------
[
  {
    "edoc": "obj_id: TotalAgebyGender-d45fc604\nanswer:\n  name: Total Age by Gender\n  tables:\n  - id: Telecom Demo - Updated_Customer_Churn_Dataset.csv\n    name: Telecom Demo - Updated_Customer_Churn_Dataset.csv\n    obj_id: TelecomDemo-Updated_Customer_Churn_Dataset.csv-39f2e96d\n  search_query: \"[Age] [Gender]\"\n  answer_columns:\n  - name: Gender\n  - name: Total Age\n  table:\n    table_columns:\n    - column_id: Gender\n      show_headline: false\n    - column_id: Total Age\n      show_headline: false\n    ordered_column_ids:\n    - Gender\n    - Total Age\n    client_state: \"\"\n    client_state_v2: \"{\\\"tableVizPropVersion\\\": \\\"V1\\\"}\"\n  chart:\n    type: COLUMN\n    chart_columns:\n    - column_id: Gender\n    - column_id: Total Age\n    axis_configs:\n    - x:\n      - Gender\n      \"y\":\n      - Total Age\n    client_state: \"\"\n    client_state_v2: \"{\\\"version\\\": \\\"V4DOT2\\\",\\\"chartProperties\\\": {\\\"responsiveLayoutPreference\\\": \\\"AUTO_ON\\\",\\\"chartSpecific\\\": {\\\"pivotSummariesState\\\": {}}},\\\"columnProperties\\\": [{\\\"columnId\\\": \\\"Gender\\\",\\\"columnProperty\\\": {}},{\\\"columnId\\\": \\\"Total Age\\\",\\\"columnProperty\\\": {}},{\\\"columnId\\\": \\\"Measure names\\\",\\\"columnProperty\\\": {}},{\\\"columnId\\\": \\\"Measure values\\\",\\\"columnProperty\\\": {}}],\\\"axisProperties\\\": [{\\\"id\\\": \\\"09eb1bde-c188-43b1-8a97-50878cae1dfa\\\",\\\"properties\\\": {\\\"axisType\\\": \\\"Y\\\",\\\"linkedColumns\\\": [\\\"Total Age\\\"],\\\"isOpposite\\\": false}},{\\\"id\\\": \\\"7c629171-5a81-45e4-8755-308889ed97be\\\",\\\"properties\\\": {\\\"axisType\\\": \\\"X\\\",\\\"linkedColumns\\\": [\\\"Gender\\\"]}}],\\\"systemSeriesColors\\\": [{\\\"serieName\\\": \\\"Total Age\\\",\\\"color\\\": \\\"#B6313E\\\"}]}\"\n  display_mode: CHART_MODE\n",
    "info": {
      "filename": "Total Age by Gender.answer.tml",
      "name": "Total Age by Gender",
      "id": "d45fc604-5b7e-4f32-a804-38199599cfe1",
      "type": "answer",
      "status": {
        "status_code": "OK"
      }
    }
  }
]
obj_id: TotalAgebyGender-d45fc604
answer:
  name: Total Age by Gender
  tables:
  - id: Telecom Demo - Updated_Customer_Churn_Dataset.csv
    name: Telecom Demo - Updated_Customer_Churn_Dataset.csv
    obj_id: TelecomDemo-Updated_Customer_Churn_Dataset.csv-39f2e96d
  search_query: "[Age] [Gender]"
  answer_columns:
  - name: Gender
  - name: Total Age
  table:
    table_columns:
    - column_id: Gender
      show_headline: false
    - column_id: Total Age
      show_headline: false
    ordered_column_ids:
    - Gender
    - Total Age
    client_state: ""
    client_state_v2: "{\"tableVizPropVersion\": \"V1\"}"
  chart:
    type: COLUMN
    chart_columns:
    - column_id: Gender
    - column_id: Total Age
    axis_configs:
    - x:
      - Gender
      "y":
      - Total Age
    client_state: ""
    client_state_v2: "{\"version\": \"V4DOT2\",\"chartProperties\": {\"responsiveLayoutPreference\": \"AUTO_ON\",\"chartSpecific\": {\"pivotSummariesState\": {}}},\"columnProperties\": [{\"columnId\": \"Gender\",\"columnProperty\": {}},{\"columnId\": \"Total Age\",\"columnProperty\": {}},{\"columnId\": \"Measure names\",\"columnProperty\": {}},{\"columnId\": \"Measure values\",\"columnProperty\": {}}],\"axisProperties\": [{\"id\": \"09eb1bde-c188-43b1-8a97-50878cae1dfa\",\"properties\": {\"axisType\": \"Y\",\"linkedColumns\": [\"Total Age\"],\"isOpposite\": false}},{\"id\": \"7c629171-5a81-45e4-8755-308889ed97be\",\"properties\": {\"axisType\": \"X\",\"linkedColumns\": [\"Gender\"]}}],\"systemSeriesColors\": [{\"serieName\": \"Total Age\",\"color\": \"#B6313E\"}]}"
  display_mode: CHART_MODE

-------
[
  {
    "edoc": "obj_id: Totalsales-5036e43a\nanswer:\n  name: Copy of Total sales\n  tables:\n  - id: (Sample) Retail - Apparel\n    name: (Sample) Retail - Apparel\n    obj_id: SampleRetail-Apparel-cd252e5c\n  search_query: \"[sales]\"\n  answer_columns:\n  - name: Total sales\n  table:\n    table_columns:\n    - column_id: Total sales\n      show_headline: false\n    ordered_column_ids:\n    - Total sales\n    client_state: \"\"\n    client_state_v2: \"{\\\"tableVizPropVersion\\\": \\\"V1\\\"}\"\n  chart:\n    type: KPI\n    chart_columns:\n    - column_id: Total sales\n    axis_configs:\n    - \"y\":\n      - Total sales\n    client_state: \"\"\n    client_state_v2: \"{\\\"version\\\": \\\"V4DOT2\\\",\\\"chartProperties\\\": {\\\"chartSpecific\\\": {\\\"pivotSummariesState\\\": {}}},\\\"columnProperties\\\": [{\\\"columnId\\\": \\\"Total sales\\\",\\\"columnProperty\\\": {}},{\\\"columnId\\\": \\\"Measure names\\\",\\\"columnProperty\\\": {}},{\\\"columnId\\\": \\\"Measure values\\\",\\\"columnProperty\\\": {}}],\\\"axisProperties\\\": [{\\\"id\\\": \\\"ab579e15-4f56-46ff-92a4-af46cdc4ea54\\\",\\\"properties\\\": {\\\"axisType\\\": \\\"Y\\\",\\\"linkedColumns\\\": [\\\"Total sales\\\"],\\\"isOpposite\\\": false}},{\\\"id\\\": \\\"6e1f71f0-cf83-493d-b66e-b6ab5db9f334\\\",\\\"properties\\\": {\\\"axisType\\\": \\\"X\\\"}}]}\"\n  display_mode: CHART_MODE\n  dynamic_name: Copy of Total sales\n",
    "info": {
      "filename": "Copy of Total sales.answer.tml",
      "name": "Copy of Total sales",
      "id": "5036e43a-e1b9-4dad-8376-c7920171926d",
      "type": "answer",
      "status": {
        "status_code": "OK"
      }
    }
  }
]
obj_id: Totalsales-5036e43a
answer:
  name: Copy of Total sales
  tables:
  - id: (Sample) Retail - Apparel
    name: (Sample) Retail - Apparel
    obj_id: SampleRetail-Apparel-cd252e5c
  search_query: "[sales]"
  answer_columns:
  - name: Total sales
  table:
    table_columns:
    - column_id: Total sales
      show_headline: false
    ordered_column_ids:
    - Total sales
    client_state: ""
    client_state_v2: "{\"tableVizPropVersion\": \"V1\"}"
  chart:
    type: KPI
    chart_columns:
    - column_id: Total sales
    axis_configs:
    - "y":
      - Total sales
    client_state: ""
    client_state_v2: "{\"version\": \"V4DOT2\",\"chartProperties\": {\"chartSpecific\": {\"pivotSummariesState\": {}}},\"columnProperties\": [{\"columnId\": \"Total sales\",\"columnProperty\": {}},{\"columnId\": \"Measure names\",\"columnProperty\": {}},{\"columnId\": \"Measure values\",\"columnProperty\": {}}],\"axisProperties\": [{\"id\": \"ab579e15-4f56-46ff-92a4-af46cdc4ea54\",\"properties\": {\"axisType\": \"Y\",\"linkedColumns\": [\"Total sales\"],\"isOpposite\": false}},{\"id\": \"6e1f71f0-cf83-493d-b66e-b6ab5db9f334\",\"properties\": {\"axisType\": \"X\"}}]}"
  display_mode: CHART_MODE
  dynamic_name: Copy of Total sales

-------
[
  {
    "edoc": "obj_id: Totalsales-8165a8c5\nanswer:\n  name: Total sales\n  tables:\n  - id: (Sample) Retail - Apparel\n    name: (Sample) Retail - Apparel\n    obj_id: SampleRetail-Apparel-cd252e5c\n  search_query: \"[sales]\"\n  answer_columns:\n  - name: Total sales\n  table:\n    table_columns:\n    - column_id: Total sales\n      show_headline: false\n    ordered_column_ids:\n    - Total sales\n    client_state: \"\"\n    client_state_v2: \"{\\\"tableVizPropVersion\\\": \\\"V1\\\"}\"\n  chart:\n    type: KPI\n    chart_columns:\n    - column_id: Total sales\n    axis_configs:\n    - \"y\":\n      - Total sales\n    client_state: \"\"\n    client_state_v2: \"{\\\"version\\\": \\\"V4DOT2\\\",\\\"chartProperties\\\": {\\\"chartSpecific\\\": {\\\"pivotSummariesState\\\": {}}},\\\"columnProperties\\\": [{\\\"columnId\\\": \\\"Total sales\\\",\\\"columnProperty\\\": {}},{\\\"columnId\\\": \\\"Measure names\\\",\\\"columnProperty\\\": {}},{\\\"columnId\\\": \\\"Measure values\\\",\\\"columnProperty\\\": {}}],\\\"axisProperties\\\": [{\\\"id\\\": \\\"ab579e15-4f56-46ff-92a4-af46cdc4ea54\\\",\\\"properties\\\": {\\\"axisType\\\": \\\"Y\\\",\\\"linkedColumns\\\": [\\\"Total sales\\\"],\\\"isOpposite\\\": false}},{\\\"id\\\": \\\"6e1f71f0-cf83-493d-b66e-b6ab5db9f334\\\",\\\"properties\\\": {\\\"axisType\\\": \\\"X\\\"}}]}\"\n  display_mode: CHART_MODE\n",
    "info": {
      "filename": "Total sales.answer.tml",
      "name": "Total sales",
      "id": "8165a8c5-3814-4e48-ba19-88e44c2e8839",
      "type": "answer",
      "status": {
        "status_code": "OK"
      }
    }
  }
]
obj_id: Totalsales-8165a8c5
answer:
  name: Total sales
  tables:
  - id: (Sample) Retail - Apparel
    name: (Sample) Retail - Apparel
    obj_id: SampleRetail-Apparel-cd252e5c
  search_query: "[sales]"
  answer_columns:
  - name: Total sales
  table:
    table_columns:
    - column_id: Total sales
      show_headline: false
    ordered_column_ids:
    - Total sales
    client_state: ""
    client_state_v2: "{\"tableVizPropVersion\": \"V1\"}"
  chart:
    type: KPI
    chart_columns:
    - column_id: Total sales
    axis_configs:
    - "y":
      - Total sales
    client_state: ""
    client_state_v2: "{\"version\": \"V4DOT2\",\"chartProperties\": {\"chartSpecific\": {\"pivotSummariesState\": {}}},\"columnProperties\": [{\"columnId\": \"Total sales\",\"columnProperty\": {}},{\"columnId\": \"Measure names\",\"columnProperty\": {}},{\"columnId\": \"Measure values\",\"columnProperty\": {}}],\"axisProperties\": [{\"id\": \"ab579e15-4f56-46ff-92a4-af46cdc4ea54\",\"properties\": {\"axisType\": \"Y\",\"linkedColumns\": [\"Total sales\"],\"isOpposite\": false}},{\"id\": \"6e1f71f0-cf83-493d-b66e-b6ab5db9f334\",\"properties\": {\"axisType\": \"X\"}}]}"
  display_mode: CHART_MODE

-------
Finished bringing all ANSWER objects to disk
